
///////////////////////////////////
// Efinity Synthesis Started 
// Apr 27, 2024 10:40:52
///////////////////////////////////


///////////////////////////////////
// Efinity Synthesis Started 
// Apr 27, 2024 10:42:01
///////////////////////////////////


///////////////////////////////////
// Efinity Synthesis Started 
// Apr 27, 2024 10:49:55
///////////////////////////////////


///////////////////////////////////
// Efinity Synthesis Started 
// Apr 27, 2024 10:51:04
///////////////////////////////////


///////////////////////////////////
// Efinity Synthesis Started 
// Apr 27, 2024 11:05:37
///////////////////////////////////


///////////////////////////////////
// Efinity Synthesis Started 
// Apr 27, 2024 11:06:49
///////////////////////////////////


///////////////////////////////////
// Efinity Synthesis Started 
// Apr 27, 2024 11:13:54
///////////////////////////////////


///////////////////////////////////
// Efinity Synthesis Started 
// Apr 27, 2024 11:15:03
///////////////////////////////////


///////////////////////////////////
// Efinity Synthesis Started 
// Apr 27, 2024 12:05:12
///////////////////////////////////


///////////////////////////////////
// Efinity Synthesis Started 
// Apr 27, 2024 12:33:19
///////////////////////////////////


///////////////////////////////////
// Efinity Synthesis Started 
// Apr 27, 2024 12:34:30
///////////////////////////////////


///////////////////////////////////
// Efinity Synthesis Started 
// Apr 27, 2024 12:58:48
///////////////////////////////////


///////////////////////////////////
// Efinity Synthesis Started 
// Apr 27, 2024 12:59:59
///////////////////////////////////


///////////////////////////////////
// Efinity Synthesis Started 
// Apr 30, 2024 10:12:41
///////////////////////////////////


///////////////////////////////////
// Efinity Synthesis Started 
// Apr 30, 2024 10:13:28
///////////////////////////////////


///////////////////////////////////
// Efinity Synthesis Started 
// Apr 30, 2024 12:36:43
///////////////////////////////////


///////////////////////////////////
// Efinity Synthesis Started 
// Apr 30, 2024 12:37:27
///////////////////////////////////


///////////////////////////////////
// Efinity Synthesis Started 
// Jun 13, 2024 12:56:20
///////////////////////////////////


///////////////////////////////////
// Efinity Synthesis Started 
// Jun 13, 2024 12:57:00
///////////////////////////////////


///////////////////////////////////
// Efinity Synthesis Started 
// Jun 13, 2024 12:57:49
///////////////////////////////////


///////////////////////////////////
// Efinity Synthesis Started 
// Jun 13, 2024 12:58:35
///////////////////////////////////


///////////////////////////////////
// Efinity Synthesis Started 
// Jun 13, 2024 12:59:54
///////////////////////////////////


///////////////////////////////////
// Efinity Synthesis Started 
// Jun 13, 2024 13:00:34
///////////////////////////////////


///////////////////////////////////
// Efinity Synthesis Started 
// Jun 13, 2024 13:02:43
///////////////////////////////////


///////////////////////////////////
// Efinity Synthesis Started 
// Jun 13, 2024 13:03:23
///////////////////////////////////


///////////////////////////////////
// Efinity Synthesis Started 
// Jun 13, 2024 13:53:15
///////////////////////////////////


///////////////////////////////////
// Efinity Synthesis Started 
// Jun 13, 2024 13:53:59
///////////////////////////////////


///////////////////////////////////
// Efinity Synthesis Started 
// Jun 13, 2024 14:00:58
///////////////////////////////////


///////////////////////////////////
// Efinity Synthesis Started 
// Jun 13, 2024 14:01:38
///////////////////////////////////


///////////////////////////////////
// Efinity Synthesis Started 
// Jun 13, 2024 14:35:48
///////////////////////////////////


///////////////////////////////////
// Efinity Synthesis Started 
// Jun 13, 2024 14:36:30
///////////////////////////////////


///////////////////////////////////
// Efinity Synthesis Started 
// Jun 13, 2024 15:02:19
///////////////////////////////////


///////////////////////////////////
// Efinity Synthesis Started 
// Jun 13, 2024 15:03:02
///////////////////////////////////


///////////////////////////////////
// Efinity Synthesis Started 
// Jun 13, 2024 15:16:53
///////////////////////////////////


///////////////////////////////////
// Efinity Synthesis Started 
// Jun 13, 2024 15:17:35
///////////////////////////////////


///////////////////////////////////
// Efinity Synthesis Started 
// Jun 13, 2024 15:37:48
///////////////////////////////////


///////////////////////////////////
// Efinity Synthesis Started 
// Jun 13, 2024 15:38:29
///////////////////////////////////


///////////////////////////////////
// Efinity Synthesis Started 
// Jun 13, 2024 15:45:35
///////////////////////////////////


///////////////////////////////////
// Efinity Synthesis Started 
// Jun 13, 2024 15:46:15
///////////////////////////////////


///////////////////////////////////
// Efinity Synthesis Started 
// Jun 13, 2024 16:03:11
///////////////////////////////////


///////////////////////////////////
// Efinity Synthesis Started 
// Jun 13, 2024 16:03:52
///////////////////////////////////


///////////////////////////////////
// Efinity Synthesis Started 
// Jun 13, 2024 16:16:55
///////////////////////////////////


///////////////////////////////////
// Efinity Synthesis Started 
// Jun 13, 2024 16:17:36
///////////////////////////////////


///////////////////////////////////
// Efinity Synthesis Started 
// Jun 13, 2024 16:21:00
///////////////////////////////////


///////////////////////////////////
// Efinity Synthesis Started 
// Jun 13, 2024 16:21:40
///////////////////////////////////


///////////////////////////////////
// Efinity Synthesis Started 
// Jun 13, 2024 16:40:25
///////////////////////////////////


///////////////////////////////////
// Efinity Synthesis Started 
// Jun 13, 2024 16:41:06
///////////////////////////////////


///////////////////////////////////
// Efinity Synthesis Started 
// Jun 13, 2024 16:48:09
///////////////////////////////////


///////////////////////////////////
// Efinity Synthesis Started 
// Jun 13, 2024 16:48:50
///////////////////////////////////


///////////////////////////////////
// Efinity Synthesis Started 
// Jun 13, 2024 17:54:09
///////////////////////////////////


///////////////////////////////////
// Efinity Synthesis Started 
// Jun 13, 2024 17:54:50
///////////////////////////////////


///////////////////////////////////
// Efinity Synthesis Started 
// Jun 13, 2024 18:07:53
///////////////////////////////////


///////////////////////////////////
// Efinity Synthesis Started 
// Jun 13, 2024 18:08:34
///////////////////////////////////


///////////////////////////////////
// Efinity Synthesis Started 
// Jun 13, 2024 18:19:24
///////////////////////////////////


///////////////////////////////////
// Efinity Synthesis Started 
// Jun 13, 2024 18:20:03
///////////////////////////////////


///////////////////////////////////
// Efinity Synthesis Started 
// Jun 13, 2024 18:22:14
///////////////////////////////////


///////////////////////////////////
// Efinity Synthesis Started 
// Jun 13, 2024 18:22:54
///////////////////////////////////


///////////////////////////////////
// Efinity Synthesis Started 
// Jun 13, 2024 18:26:46
///////////////////////////////////


///////////////////////////////////
// Efinity Synthesis Started 
// Jun 13, 2024 18:27:26
///////////////////////////////////


///////////////////////////////////
// Efinity Synthesis Started 
// Jun 13, 2024 19:07:30
///////////////////////////////////


///////////////////////////////////
// Efinity Synthesis Started 
// Jun 13, 2024 19:08:10
///////////////////////////////////


///////////////////////////////////
// Efinity Synthesis Started 
// Jun 14, 2024 09:05:38
///////////////////////////////////


///////////////////////////////////
// Efinity Synthesis Started 
// Jun 14, 2024 09:06:18
///////////////////////////////////


///////////////////////////////////
// Efinity Synthesis Started 
// Jun 14, 2024 09:33:59
///////////////////////////////////


///////////////////////////////////
// Efinity Synthesis Started 
// Jun 14, 2024 09:34:40
///////////////////////////////////


///////////////////////////////////
// Efinity Synthesis Started 
// Jun 14, 2024 09:36:25
///////////////////////////////////


///////////////////////////////////
// Efinity Synthesis Started 
// Jun 14, 2024 09:37:05
///////////////////////////////////


///////////////////////////////////
// Efinity Synthesis Started 
// Jun 14, 2024 09:42:16
///////////////////////////////////


///////////////////////////////////
// Efinity Synthesis Started 
// Jun 14, 2024 09:42:55
///////////////////////////////////


///////////////////////////////////
// Efinity Synthesis Started 
// Jun 14, 2024 09:59:55
///////////////////////////////////


///////////////////////////////////
// Efinity Synthesis Started 
// Jun 14, 2024 10:00:35
///////////////////////////////////


///////////////////////////////////
// Efinity Synthesis Started 
// Jun 14, 2024 10:02:53
///////////////////////////////////


///////////////////////////////////
// Efinity Synthesis Started 
// Jun 14, 2024 10:03:35
///////////////////////////////////


///////////////////////////////////
// Efinity Synthesis Started 
// Jun 14, 2024 10:18:36
///////////////////////////////////


///////////////////////////////////
// Efinity Synthesis Started 
// Jun 14, 2024 10:19:17
///////////////////////////////////


///////////////////////////////////
// Efinity Synthesis Started 
// Jun 14, 2024 10:29:26
///////////////////////////////////


///////////////////////////////////
// Efinity Synthesis Started 
// Jun 14, 2024 10:30:06
///////////////////////////////////


///////////////////////////////////
// Efinity Synthesis Started 
// Jun 14, 2024 10:36:55
///////////////////////////////////


///////////////////////////////////
// Efinity Synthesis Started 
// Jun 14, 2024 10:37:35
///////////////////////////////////


///////////////////////////////////
// Efinity Synthesis Started 
// Jun 14, 2024 11:52:26
///////////////////////////////////


///////////////////////////////////
// Efinity Synthesis Started 
// Jun 14, 2024 11:53:07
///////////////////////////////////


///////////////////////////////////
// Efinity Synthesis Started 
// Jun 14, 2024 12:00:30
///////////////////////////////////


///////////////////////////////////
// Efinity Synthesis Started 
// Jun 14, 2024 12:01:09
///////////////////////////////////


///////////////////////////////////
// Efinity Synthesis Started 
// Jun 14, 2024 12:10:38
///////////////////////////////////


///////////////////////////////////
// Efinity Synthesis Started 
// Jun 14, 2024 12:11:18
///////////////////////////////////


///////////////////////////////////
// Efinity Synthesis Started 
// Jun 14, 2024 12:15:04
///////////////////////////////////


///////////////////////////////////
// Efinity Synthesis Started 
// Jun 14, 2024 12:15:44
///////////////////////////////////


///////////////////////////////////
// Efinity Synthesis Started 
// Jun 14, 2024 12:22:12
///////////////////////////////////


///////////////////////////////////
// Efinity Synthesis Started 
// Jun 14, 2024 12:22:52
///////////////////////////////////


///////////////////////////////////
// Efinity Synthesis Started 
// Jun 14, 2024 12:38:29
///////////////////////////////////


///////////////////////////////////
// Efinity Synthesis Started 
// Jun 14, 2024 12:39:09
///////////////////////////////////


///////////////////////////////////
// Efinity Synthesis Started 
// Jun 14, 2024 12:42:55
///////////////////////////////////


///////////////////////////////////
// Efinity Synthesis Started 
// Jun 14, 2024 12:43:34
///////////////////////////////////


///////////////////////////////////
// Efinity Synthesis Started 
// Jun 14, 2024 15:01:55
///////////////////////////////////


///////////////////////////////////
// Efinity Synthesis Started 
// Jun 14, 2024 15:02:36
///////////////////////////////////


///////////////////////////////////
// Efinity Synthesis Started 
// Jun 14, 2024 17:26:21
///////////////////////////////////


///////////////////////////////////
// Efinity Synthesis Started 
// Jun 14, 2024 17:27:04
///////////////////////////////////

[EFX-0210 ERROR] No Top design.

///////////////////////////////////
// Efinity Synthesis Started 
// Jun 14, 2024 17:27:21
///////////////////////////////////


///////////////////////////////////
// Efinity Synthesis Started 
// Jun 14, 2024 17:28:06
///////////////////////////////////

[EFX-0210 ERROR] No Top design.

///////////////////////////////////
// Efinity Synthesis Started 
// Jun 14, 2024 17:29:07
///////////////////////////////////


///////////////////////////////////
// Efinity Synthesis Started 
// Jun 14, 2024 17:29:47
///////////////////////////////////

[EFX-0210 ERROR] No Top design.

///////////////////////////////////
// Efinity Synthesis Started 
// Jun 14, 2024 17:33:30
///////////////////////////////////


///////////////////////////////////
// Efinity Synthesis Started 
// Jun 14, 2024 17:33:54
///////////////////////////////////


///////////////////////////////////
// Efinity Synthesis Started 
// Jun 14, 2024 17:34:56
///////////////////////////////////


///////////////////////////////////
// Efinity Synthesis Started 
// Jun 14, 2024 17:35:22
///////////////////////////////////


///////////////////////////////////
// Efinity Synthesis Started 
// Jun 14, 2024 17:48:18
///////////////////////////////////


///////////////////////////////////
// Efinity Synthesis Started 
// Jun 14, 2024 17:48:44
///////////////////////////////////


///////////////////////////////////
// Efinity Synthesis Started 
// Jun 14, 2024 18:27:07
///////////////////////////////////


///////////////////////////////////
// Efinity Synthesis Started 
// Jun 14, 2024 18:27:33
///////////////////////////////////


///////////////////////////////////
// Efinity Synthesis Started 
// Jun 14, 2024 18:50:54
///////////////////////////////////


///////////////////////////////////
// Efinity Synthesis Started 
// Jun 14, 2024 18:51:18
///////////////////////////////////


///////////////////////////////////
// Efinity Synthesis Started 
// Jun 15, 2024 09:37:11
///////////////////////////////////


///////////////////////////////////
// Efinity Synthesis Started 
// Jun 15, 2024 09:37:37
///////////////////////////////////


///////////////////////////////////
// Efinity Synthesis Started 
// Jun 15, 2024 09:43:53
///////////////////////////////////


///////////////////////////////////
// Efinity Synthesis Started 
// Jun 15, 2024 09:44:18
///////////////////////////////////


///////////////////////////////////
// Efinity Synthesis Started 
// Jun 15, 2024 10:01:19
///////////////////////////////////


///////////////////////////////////
// Efinity Synthesis Started 
// Jun 15, 2024 10:01:43
///////////////////////////////////


///////////////////////////////////
// Efinity Synthesis Started 
// Jun 15, 2024 10:17:20
///////////////////////////////////


///////////////////////////////////
// Efinity Synthesis Started 
// Jun 15, 2024 10:17:45
///////////////////////////////////


///////////////////////////////////
// Efinity Synthesis Started 
// Jun 15, 2024 10:22:05
///////////////////////////////////


///////////////////////////////////
// Efinity Synthesis Started 
// Jun 15, 2024 10:22:30
///////////////////////////////////


///////////////////////////////////
// Efinity Synthesis Started 
// Jun 15, 2024 10:25:03
///////////////////////////////////


///////////////////////////////////
// Efinity Synthesis Started 
// Jun 15, 2024 10:25:28
///////////////////////////////////


///////////////////////////////////
// Efinity Synthesis Started 
// Jun 15, 2024 10:32:53
///////////////////////////////////


///////////////////////////////////
// Efinity Synthesis Started 
// Jun 15, 2024 10:33:18
///////////////////////////////////


///////////////////////////////////
// Efinity Synthesis Started 
// Jun 15, 2024 10:42:27
///////////////////////////////////


///////////////////////////////////
// Efinity Synthesis Started 
// Jun 15, 2024 10:42:52
///////////////////////////////////


///////////////////////////////////
// Efinity Synthesis Started 
// Jun 15, 2024 11:48:34
///////////////////////////////////


///////////////////////////////////
// Efinity Synthesis Started 
// Jun 15, 2024 11:49:16
///////////////////////////////////


///////////////////////////////////
// Efinity Synthesis Started 
// Jun 15, 2024 12:10:35
///////////////////////////////////


///////////////////////////////////
// Efinity Synthesis Started 
// Jun 15, 2024 12:11:13
///////////////////////////////////


///////////////////////////////////
// Efinity Synthesis Started 
// Jun 15, 2024 12:20:50
///////////////////////////////////


///////////////////////////////////
// Efinity Synthesis Started 
// Jun 15, 2024 12:21:42
///////////////////////////////////


///////////////////////////////////
// Efinity Synthesis Started 
// Jun 15, 2024 12:54:56
///////////////////////////////////


///////////////////////////////////
// Efinity Synthesis Started 
// Jun 15, 2024 12:55:50
///////////////////////////////////


///////////////////////////////////
// Efinity Synthesis Started 
// Jun 15, 2024 14:10:18
///////////////////////////////////


///////////////////////////////////
// Efinity Synthesis Started 
// Jun 15, 2024 14:11:15
///////////////////////////////////


///////////////////////////////////
// Efinity Synthesis Started 
// Jun 15, 2024 14:32:56
///////////////////////////////////


///////////////////////////////////
// Efinity Synthesis Started 
// Jun 15, 2024 14:33:49
///////////////////////////////////


///////////////////////////////////
// Efinity Synthesis Started 
// Jun 15, 2024 14:42:25
///////////////////////////////////


///////////////////////////////////
// Efinity Synthesis Started 
// Jun 15, 2024 14:43:17
///////////////////////////////////


///////////////////////////////////
// Efinity Synthesis Started 
// Jun 15, 2024 15:40:10
///////////////////////////////////


///////////////////////////////////
// Efinity Synthesis Started 
// Jun 15, 2024 15:41:03
///////////////////////////////////


///////////////////////////////////
// Efinity Synthesis Started 
// Jun 15, 2024 16:00:32
///////////////////////////////////


///////////////////////////////////
// Efinity Synthesis Started 
// Jun 15, 2024 16:01:24
///////////////////////////////////


///////////////////////////////////
// Efinity Synthesis Started 
// Jun 15, 2024 16:11:29
///////////////////////////////////


///////////////////////////////////
// Efinity Synthesis Started 
// Jun 15, 2024 16:12:22
///////////////////////////////////


///////////////////////////////////
// Efinity Synthesis Started 
// Jun 15, 2024 16:49:08
///////////////////////////////////


///////////////////////////////////
// Efinity Synthesis Started 
// Jun 15, 2024 16:50:00
///////////////////////////////////

[EFX-0210 ERROR] No Top design.

///////////////////////////////////
// Efinity Synthesis Started 
// Jun 15, 2024 16:53:02
///////////////////////////////////


///////////////////////////////////
// Efinity Synthesis Started 
// Jun 15, 2024 16:53:57
///////////////////////////////////


///////////////////////////////////
// Efinity Synthesis Started 
// Jun 15, 2024 17:13:46
///////////////////////////////////


///////////////////////////////////
// Efinity Synthesis Started 
// Jun 15, 2024 17:14:39
///////////////////////////////////


///////////////////////////////////
// Efinity Synthesis Started 
// Jun 15, 2024 17:33:57
///////////////////////////////////


///////////////////////////////////
// Efinity Synthesis Started 
// Jun 15, 2024 17:34:50
///////////////////////////////////

[EFX-0210 ERROR] No Top design.

///////////////////////////////////
// Efinity Synthesis Started 
// Jun 15, 2024 17:36:22
///////////////////////////////////


///////////////////////////////////
// Efinity Synthesis Started 
// Jun 15, 2024 17:37:19
///////////////////////////////////


///////////////////////////////////
// Efinity Synthesis Started 
// Jun 15, 2024 17:46:50
///////////////////////////////////


///////////////////////////////////
// Efinity Synthesis Started 
// Jun 15, 2024 17:47:43
///////////////////////////////////


///////////////////////////////////
// Efinity Synthesis Started 
// Jun 15, 2024 18:54:56
///////////////////////////////////


///////////////////////////////////
// Efinity Synthesis Started 
// Jun 15, 2024 18:57:12
///////////////////////////////////


///////////////////////////////////
// Efinity Synthesis Started 
// Jun 15, 2024 18:58:05
///////////////////////////////////

